Start testing: Sep 16 17:43 EDT
----------------------------------------------------------
1/6 Testing: board
1/6 Test: board
Command: "/data1/nmm/smallgames/nmm/build-dev/test_board"
Directory: /data1/nmm/smallgames/nmm
"board" start time: Sep 16 17:43 EDT
Output:
----------------------------------------------------------
[game  3] board a: points=9 edges=16 mills=8 syms=8 autos=16
[game  5] board b: points=16 edges=20 mills=8 syms=16 autos=16
[game  6] board b: points=16 edges=20 mills=8 syms=16 autos=16
[game  7] board c: points=17 edges=24 mills=12 syms=8 autos=8
[game  9] board d: points=24 edges=32 mills=16 syms=16 autos=16
[game 10] board d: points=24 edges=32 mills=16 syms=16 autos=16
[game 11] board e: points=24 edges=40 mills=20 syms=16 autos=32
[game 12] board e: points=24 edges=40 mills=20 syms=16 autos=32
[game 13] board g: points=25 edges=44 mills=22 syms=8 autos=8
[game 14] board d: points=24 edges=32 mills=16 syms=16 autos=16
[game 16] board f: points=32 edges=56 mills=32 syms=16 autos=32
[game 12] mill list (20):
  ANW-AN-ANE
  ANE-AE-ASE
  ASE-AS-ASW
  ASW-AW-ANW
  BNW-BN-BNE
  BNE-BE-BSE
  BSE-BS-BSW
  BSW-BW-BNW
  CNW-CN-CNE
  CNE-CE-CSE
  CSE-CS-CSW
  CSW-CW-CNW
  ANW-BNW-CNW
  AN-BN-CN
  ANE-BNE-CNE
  AE-BE-CE
  ASE-BSE-CSE
  AS-BS-CS
  ASW-BSW-CSW
  AW-BW-CW
ALL BOARD TESTS OK
<end of output>
Test time =   0.06 sec
----------------------------------------------------------
Test Passed.
"board" end time: Sep 16 17:43 EDT
"board" time elapsed: 00:00:00
----------------------------------------------------------

2/6 Testing: zdd1
2/6 Test: zdd1
Command: "/data1/nmm/smallgames/nmm/build-dev/test_zdd1"
Directory: /data1/nmm/smallgames/nmm/build-dev
"zdd1" start time: Sep 16 17:43 EDT
Output:
----------------------------------------------------------
[game  3] zdd1: nodes=98 (paper 41, differs (canonical form)) count=1680
[game  5] zdd1: nodes=561 (paper 447, differs (canonical form)) count=8204196
[game  6] zdd1: nodes=678 (paper 612, differs (canonical form)) count=19207188
[game  7] zdd1: nodes=860 (paper 869, differs (canonical form)) count=79605084
[game  9] zdd1: nodes=2107 (paper 2315, differs (canonical form)) count=142430121724
[game 11] zdd1: nodes=2270 (paper 3057, differs (canonical form)) count=242646915700
[game 12] zdd1: nodes=2189 (paper 3385, differs (canonical form)) count=264369400848
[game 12] count=264369400848, max integer (count-1)=264369400847, paper max 264369400848: MATCH (count convention)
ALL ZDD1 TESTS OK
<end of output>
Test time =   0.41 sec
----------------------------------------------------------
Test Passed.
"zdd1" end time: Sep 16 17:43 EDT
"zdd1" time elapsed: 00:00:00
----------------------------------------------------------

3/6 Testing: lasker
3/6 Test: lasker
Command: "/data1/nmm/smallgames/nmm/build-dev/test_lasker"
Directory: /data1/nmm/smallgames/nmm/build-dev
"lasker" start time: Sep 16 17:43 EDT
Output:
----------------------------------------------------------
test_lasker: all merged-phase movegen checks passed
<end of output>
Test time =   0.03 sec
----------------------------------------------------------
Test Passed.
"lasker" end time: Sep 16 17:43 EDT
"lasker" time elapsed: 00:00:00
----------------------------------------------------------

4/6 Testing: lasker_solve
4/6 Test: lasker_solve
Command: "/data1/nmm/smallgames/nmm/build-dev/test_lasker_solve"
Directory: /data1/nmm/smallgames/nmm/build-dev
"lasker_solve" start time: Sep 16 17:43 EDT
Output:
----------------------------------------------------------
test_lasker_solve: 81860 states compared, 0 mismatches; initial=2
<end of output>
Test time =   0.94 sec
----------------------------------------------------------
Test Passed.
"lasker_solve" end time: Sep 16 17:43 EDT
"lasker_solve" time elapsed: 00:00:00
----------------------------------------------------------

5/6 Testing: counts
5/6 Test: counts
Command: "/data1/nmm/smallgames/nmm/build-dev/test_counts"
Directory: /data1/nmm/smallgames/nmm/build-dev
"counts" start time: Sep 16 17:43 EDT
Output:
----------------------------------------------------------
  [3MM] total mine=183 paper=183 MATCH (all rows)
  [5MM] total mine=470793 paper=470793 MATCH (all rows)
  [6MM] total mine=1107656 paper=1107656 MATCH (all rows)
  [7MM(v1, 3-3 corrected-to-ours)] total mine=9043341 paper=9043341 MATCH (all rows)
[6MM] ZDD2: nodes=358790 globalReachable=90321 sel round-trips OK
ALL COUNT TESTS OK
<end of output>
Test time =   1.26 sec
----------------------------------------------------------
Test Passed.
"counts" end time: Sep 16 17:43 EDT
"counts" time elapsed: 00:00:01
----------------------------------------------------------

6/6 Testing: mm3
6/6 Test: mm3
Command: "/data1/nmm/smallgames/nmm/build-dev/test_3mm"
Directory: /data1/nmm/smallgames/nmm/build-dev
"mm3" start time: Sep 16 17:43 EDT
Output:
----------------------------------------------------------
[bf] reachable states: 5934, initial value: WIN
[pipeline] initial value: WIN, out-of-index children: 72
[compare] 5934 reachable states compared, 0 mismatches
[millgroup] 12MM: board group 16, mill group 48
[millgroup] successor-structure isomorphism verified on 5000 random 3-3 pairs
ALL 3MM TESTS OK
<end of output>
Test time =   1.15 sec
----------------------------------------------------------
Test Passed.
"mm3" end time: Sep 16 17:43 EDT
"mm3" time elapsed: 00:00:01
----------------------------------------------------------

End testing: Sep 16 17:43 EDT
